<?xml version="1.0" encoding="UTF-8"?>
<!-- Generated by org.testng.reporters.JUnitReportReporter -->
<testsuite ignored="0" hostname="BhagyaYogComp" failures="0" tests="2" name="RestAssured.RestAssuredTest" time="4.818" errors="0" timestamp="06 Nov 2019 17:24:35 GMT" skipped="0">
  <testcase classname="RestAssured.RestAssuredTest" name="restAssured_String" time="0.526"/>
  <testcase classname="RestAssured.RestAssuredTest" name="restAssured" time="4.292"/>
</testsuite> <!-- RestAssured.RestAssuredTest -->
