<?xml version="1.0" encoding="UTF-8"?>
<!-- Generated by org.testng.reporters.JUnitReportReporter -->
<testsuite ignored="0" hostname="BhagyaYogComp" failures="0" tests="1" name="ExcelTestSuitEngine.TestNG_ExcelTestEngine" time="43.050" errors="0" timestamp="12 Nov 2019 17:21:46 GMT" skipped="0">
  <testcase classname="ExcelTestSuitEngine.TestNG_ExcelTestEngine" name="ExcelTestSuitRun" time="43.050"/>
</testsuite> <!-- ExcelTestSuitEngine.TestNG_ExcelTestEngine -->
