<?xml version="1.0" encoding="UTF-8"?>
<!-- Generated by org.testng.reporters.JUnitReportReporter -->
<testsuite ignored="0" hostname="BhagyaYogComp" failures="0" tests="1" name="ExcelTestSuitEngine.ExcelTestCasesMethods" time="0.024" errors="0" timestamp="12 Nov 2019 16:59:18 GMT" skipped="0">
  <testcase classname="ExcelTestSuitEngine.ExcelTestCasesMethods" name="f" time="0.024"/>
</testsuite> <!-- ExcelTestSuitEngine.ExcelTestCasesMethods -->
